[08:25:01] tutik567 (9e5b7427-2bc7-32c5-af0b-22a8e1506102): sikidoper12
[08:26:08] sikidoper12 (78296d33-7b63-3fb2-8941-728f22e0e0ed): q
[08:26:22] tutik567 (9e5b7427-2bc7-32c5-af0b-22a8e1506102): ты кто
[08:26:28] tutik567 (9e5b7427-2bc7-32c5-af0b-22a8e1506102): админ или год
[08:26:33] tutik567 (9e5b7427-2bc7-32c5-af0b-22a8e1506102): ну донат
[08:26:42] sikidoper12 (78296d33-7b63-3fb2-8941-728f22e0e0ed): kit pvp
[08:26:45] sikidoper12 (78296d33-7b63-3fb2-8941-728f22e0e0ed): а что
[08:26:52] sikidoper12 (78296d33-7b63-3fb2-8941-728f22e0e0ed): я игрок
[08:26:57] tutik567 (9e5b7427-2bc7-32c5-af0b-22a8e1506102): понятно
[08:27:01] sikidoper12 (78296d33-7b63-3fb2-8941-728f22e0e0ed): а ты откуда
[08:27:03] sikidoper12 (78296d33-7b63-3fb2-8941-728f22e0e0ed): узнал
[08:27:12] tutik567 (9e5b7427-2bc7-32c5-af0b-22a8e1506102): хз
[08:27:38] tutik567 (9e5b7427-2bc7-32c5-af0b-22a8e1506102): я какой донат
[08:27:59] [SWEAR] sikidoper12 (78296d33-7b63-3fb2-8941-728f22e0e0ed):  /alzxmpic пропиши
[08:28:07] [SWEAR] sikidoper12 (78296d33-7b63-3fb2-8941-728f22e0e0ed): 
[08:28:11] [SWEAR] sikidoper12 (78296d33-7b63-3fb2-8941-728f22e0e0ed): 
[08:28:12] tutik567 (9e5b7427-2bc7-32c5-af0b-22a8e1506102): а когда вайп
[08:28:18] sikidoper12 (78296d33-7b63-3fb2-8941-728f22e0e0ed): хз уже был вроде
[08:28:30] tutik567 (9e5b7427-2bc7-32c5-af0b-22a8e1506102): понятно
[08:30:02] tutik567 (9e5b7427-2bc7-32c5-af0b-22a8e1506102): тепнутл на кто?
[08:30:09] sikidoper12 (78296d33-7b63-3fb2-8941-728f22e0e0ed): А
[08:30:11] sikidoper12 (78296d33-7b63-3fb2-8941-728f22e0e0ed): ?
[08:30:13] tutik567 (9e5b7427-2bc7-32c5-af0b-22a8e1506102): на аир
[08:30:31] sikidoper12 (78296d33-7b63-3fb2-8941-728f22e0e0ed): не я ща занят
[08:30:59] sikidoper12 (78296d33-7b63-3fb2-8941-728f22e0e0ed): /free есть еще
[08:31:13] tutik567 (9e5b7427-2bc7-32c5-af0b-22a8e1506102): ok
[08:41:41] tutik567 (9e5b7427-2bc7-32c5-af0b-22a8e1506102): а у тебя какой донат
[08:41:56] sikidoper12 (78296d33-7b63-3fb2-8941-728f22e0e0ed): god
[08:42:00] tutik567 (9e5b7427-2bc7-32c5-af0b-22a8e1506102): пон
[08:42:01] sikidoper12 (78296d33-7b63-3fb2-8941-728f22e0e0ed): а что у тебя рп не загрузился?
[14:41:02] s1mpletitan (635168d8-f89b-34f5-bc2b-6289cbeeb0e6): q
[14:41:10] s1mpletitan (635168d8-f89b-34f5-bc2b-6289cbeeb0e6): Q
[14:41:13] [CAPS] s1mpletitan (635168d8-f89b-34f5-bc2b-6289cbeeb0e6): fffffff
[14:41:15] s1mpletitan (635168d8-f89b-34f5-bc2b-6289cbeeb0e6): FF
[14:41:18] s1mpletitan (635168d8-f89b-34f5-bc2b-6289cbeeb0e6): FFFF
[14:41:26] s1mpletitan (635168d8-f89b-34f5-bc2b-6289cbeeb0e6): FFFFF
