[12:18:17] Termok (3a3b2a73-e1e5-33b8-babc-45e3340ff44c): sd,d nskgmrgSR
[15:51:51] alzxmpic (80f2f1c6-448d-3378-af4b-dd14941950a8): 6693337
[18:47:33] grigpriy (136caabb-262b-3994-bcc9-e658453e7b1e): .gps
[19:10:04] grigpriy (136caabb-262b-3994-bcc9-e658453e7b1e): о ку
[19:10:09] JagerNAut_20 (54a91052-227d-34bf-8cf3-a9ab86e0b490): пиздец много онлаена
[19:10:13] grigpriy (136caabb-262b-3994-bcc9-e658453e7b1e): тут всегда такой онлайн?
[19:10:17] JagerNAut_20 (54a91052-227d-34bf-8cf3-a9ab86e0b490): да
[19:10:28] grigpriy (136caabb-262b-3994-bcc9-e658453e7b1e): го пвп
[19:10:32] JagerNAut_20 (54a91052-227d-34bf-8cf3-a9ab86e0b490): Ну го
[19:10:40] grigpriy (136caabb-262b-3994-bcc9-e658453e7b1e): тп
[19:10:45] grigpriy (136caabb-262b-3994-bcc9-e658453e7b1e): в кит пвп
[19:12:09] JagerNAut_20 (54a91052-227d-34bf-8cf3-a9ab86e0b490): бля
[19:12:12] grigpriy (136caabb-262b-3994-bcc9-e658453e7b1e): софт?
[19:12:13] JagerNAut_20 (54a91052-227d-34bf-8cf3-a9ab86e0b490): агонь
[19:12:16] JagerNAut_20 (54a91052-227d-34bf-8cf3-a9ab86e0b490): -
[19:12:22] grigpriy (136caabb-262b-3994-bcc9-e658453e7b1e): у тя пинг пздц
[19:12:26] JagerNAut_20 (54a91052-227d-34bf-8cf3-a9ab86e0b490): да
[19:12:29] grigpriy (136caabb-262b-3994-bcc9-e658453e7b1e): как рп скачать
[19:12:30] JagerNAut_20 (54a91052-227d-34bf-8cf3-a9ab86e0b490): регион
[19:12:35] JagerNAut_20 (54a91052-227d-34bf-8cf3-a9ab86e0b490): я хз
[19:12:41] JagerNAut_20 (54a91052-227d-34bf-8cf3-a9ab86e0b490): ты с пк?
[19:13:20] grigpriy (136caabb-262b-3994-bcc9-e658453e7b1e): тп на спавн
[19:13:27] grigpriy (136caabb-262b-3994-bcc9-e658453e7b1e): прикол покажу
[19:13:28] JagerNAut_20 (54a91052-227d-34bf-8cf3-a9ab86e0b490): да знаю
[19:13:43] JagerNAut_20 (54a91052-227d-34bf-8cf3-a9ab86e0b490): Я вчера выбил 15к риликс
[19:14:08] grigpriy (136caabb-262b-3994-bcc9-e658453e7b1e): да
[19:14:13] JagerNAut_20 (54a91052-227d-34bf-8cf3-a9ab86e0b490): да
[19:14:14] grigpriy (136caabb-262b-3994-bcc9-e658453e7b1e): а с чего еще то
[19:15:02] grigpriy (136caabb-262b-3994-bcc9-e658453e7b1e): ооо
[19:15:06] JagerNAut_20 (54a91052-227d-34bf-8cf3-a9ab86e0b490): ?
[19:15:07] grigpriy (136caabb-262b-3994-bcc9-e658453e7b1e): тоже 15к риликов
[19:15:10] grigpriy (136caabb-262b-3994-bcc9-e658453e7b1e): выбил
[19:15:12] JagerNAut_20 (54a91052-227d-34bf-8cf3-a9ab86e0b490): рил?
[19:15:15] grigpriy (136caabb-262b-3994-bcc9-e658453e7b1e): да
[19:15:21] JagerNAut_20 (54a91052-227d-34bf-8cf3-a9ab86e0b490): эта шо баг?
[19:16:08] JagerNAut_20 (54a91052-227d-34bf-8cf3-a9ab86e0b490): 10
[19:16:16] grigpriy (136caabb-262b-3994-bcc9-e658453e7b1e): го еще пвп
[19:16:24] JagerNAut_20 (54a91052-227d-34bf-8cf3-a9ab86e0b490): ну го попробуем
[19:16:29] grigpriy (136caabb-262b-3994-bcc9-e658453e7b1e): tp
[19:19:29] JagerNAut_20 (54a91052-227d-34bf-8cf3-a9ab86e0b490): ты чо дон баф выпил?
[19:19:35] grigpriy (136caabb-262b-3994-bcc9-e658453e7b1e): о еще чел зашел
[19:19:38] grigpriy (136caabb-262b-3994-bcc9-e658453e7b1e): нет
[19:19:39] JagerNAut_20 (54a91052-227d-34bf-8cf3-a9ab86e0b490): +
[19:19:45] JagerNAut_20 (54a91052-227d-34bf-8cf3-a9ab86e0b490): Я видел
[19:19:52] JagerNAut_20 (54a91052-227d-34bf-8cf3-a9ab86e0b490): У тя сила 3
[19:19:57] grigpriy (136caabb-262b-3994-bcc9-e658453e7b1e): а владелец сюда заходит?
[19:20:01] JagerNAut_20 (54a91052-227d-34bf-8cf3-a9ab86e0b490): -
[19:20:18] JagerNAut_20 (54a91052-227d-34bf-8cf3-a9ab86e0b490): Я ывчера долго играл
[19:20:23] JagerNAut_20 (54a91052-227d-34bf-8cf3-a9ab86e0b490): но не видел
[19:21:40] Igruha1234_3 (a416ef0e-2307-35d1-8354-a4de65cf52e9): го тим
[19:21:44] JagerNAut_20 (54a91052-227d-34bf-8cf3-a9ab86e0b490): хз
[19:21:49] JagerNAut_20 (54a91052-227d-34bf-8cf3-a9ab86e0b490): я тут не играю
[19:21:55] Igruha1234_3 (a416ef0e-2307-35d1-8354-a4de65cf52e9): a
[20:07:28] Igruha1234_3 (a416ef0e-2307-35d1-8354-a4de65cf52e9): го тим
