[09:30:22] alzxmpic (80f2f1c6-448d-3378-af4b-dd14941950a8): &#aaaaaawwgf
[14:21:52] alzxmpic (80f2f1c6-448d-3378-af4b-dd14941950a8): не лагает?
[14:26:12] Neriks_993 (bf2e2616-47e4-36d2-9a7c-e0d48059bb45): го
[14:26:44] alzxmpic (80f2f1c6-448d-3378-af4b-dd14941950a8): когда я найду шалкер подбегаешь и убиваешь
[14:26:51] Neriks_993 (bf2e2616-47e4-36d2-9a7c-e0d48059bb45): ты копаешь я убиваю потом ты меня убиваешь
[14:26:55] Neriks_993 (bf2e2616-47e4-36d2-9a7c-e0d48059bb45): так?
[14:27:02] alzxmpic (80f2f1c6-448d-3378-af4b-dd14941950a8): типо того
[14:27:30] alzxmpic (80f2f1c6-448d-3378-af4b-dd14941950a8): ахуительно
[14:27:35] alzxmpic (80f2f1c6-448d-3378-af4b-dd14941950a8): ща
[14:27:47] Neriks_993 (bf2e2616-47e4-36d2-9a7c-e0d48059bb45): тут рг
[14:28:20] alzxmpic (80f2f1c6-448d-3378-af4b-dd14941950a8): ставь песок
[14:28:26] alzxmpic (80f2f1c6-448d-3378-af4b-dd14941950a8): ща жди
[14:29:45] alzxmpic (80f2f1c6-448d-3378-af4b-dd14941950a8): ХАХАХАХАХ
[14:29:47] alzxmpic (80f2f1c6-448d-3378-af4b-dd14941950a8): ладно пойдет
[14:30:30] alzxmpic (80f2f1c6-448d-3378-af4b-dd14941950a8): так один видос есть
[14:30:36] alzxmpic (80f2f1c6-448d-3378-af4b-dd14941950a8): еще 2 ок?
[14:30:41] Neriks_993 (bf2e2616-47e4-36d2-9a7c-e0d48059bb45): го
[14:30:45] Neriks_993 (bf2e2616-47e4-36d2-9a7c-e0d48059bb45): все также?
[14:31:00] alzxmpic (80f2f1c6-448d-3378-af4b-dd14941950a8): почти
[14:31:09] alzxmpic (80f2f1c6-448d-3378-af4b-dd14941950a8): ща скину в тг мини сценарий
[14:31:15] Neriks_993 (bf2e2616-47e4-36d2-9a7c-e0d48059bb45): ок
[14:32:46] Neriks_993 (bf2e2616-47e4-36d2-9a7c-e0d48059bb45): фури воролд?
[14:34:03] alzxmpic (80f2f1c6-448d-3378-af4b-dd14941950a8): да
[14:34:21] alzxmpic (80f2f1c6-448d-3378-af4b-dd14941950a8): ща
[14:34:46] Neriks_993 (bf2e2616-47e4-36d2-9a7c-e0d48059bb45): а доната фури с маской кошки нету?
[14:34:58] alzxmpic (80f2f1c6-448d-3378-af4b-dd14941950a8): неа
[14:35:01] Neriks_993 (bf2e2616-47e4-36d2-9a7c-e0d48059bb45): было бы прикольно
[14:36:03] alzxmpic (80f2f1c6-448d-3378-af4b-dd14941950a8): ща беру кит становлюсь афк ты подходишь и убиваешь
[14:36:18] alzxmpic (80f2f1c6-448d-3378-af4b-dd14941950a8): начал
[14:37:20] alzxmpic (80f2f1c6-448d-3378-af4b-dd14941950a8): стой так
[14:39:13] Neriks_993 (bf2e2616-47e4-36d2-9a7c-e0d48059bb45): ой
[14:41:42] Neriks_993 (bf2e2616-47e4-36d2-9a7c-e0d48059bb45): еще можно ролик про трапку зделать
[14:41:58] alzxmpic (80f2f1c6-448d-3378-af4b-dd14941950a8): давай
[14:45:04] lexa123_432 (8829266c-5756-3aea-a385-517575620c28): я с твин как зашел а то так на всех роликах один ник будет
[14:45:13] alzxmpic (80f2f1c6-448d-3378-af4b-dd14941950a8): оок
[14:52:18] alzxmpic (80f2f1c6-448d-3378-af4b-dd14941950a8): ща
[14:52:59] alzxmpic (80f2f1c6-448d-3378-af4b-dd14941950a8): где трапа будет?
[14:53:04] lexa123_432 (8829266c-5756-3aea-a385-517575620c28): хз
[15:02:28] alzxmpic (80f2f1c6-448d-3378-af4b-dd14941950a8): че деелаеешеь?
[15:02:37] lexa123_432 (8829266c-5756-3aea-a385-517575620c28): эксперементы
[15:03:30] alzxmpic (80f2f1c6-448d-3378-af4b-dd14941950a8): залезь внутрь
[15:06:15] alzxmpic (80f2f1c6-448d-3378-af4b-dd14941950a8): ща
[15:14:02] alzxmpic (80f2f1c6-448d-3378-af4b-dd14941950a8): давай типо я зашел утром и ты меня убиваешь э
[15:14:09] alzxmpic (80f2f1c6-448d-3378-af4b-dd14941950a8): а ща запривачу дом
[15:14:11] lexa123_432 (8829266c-5756-3aea-a385-517575620c28): го
[15:15:04] lexa123_432 (8829266c-5756-3aea-a385-517575620c28): давай в хаб
[15:16:08] alzxmpic (80f2f1c6-448d-3378-af4b-dd14941950a8): заного
[15:16:15] lexa123_432 (8829266c-5756-3aea-a385-517575620c28): ?
[15:16:22] alzxmpic (80f2f1c6-448d-3378-af4b-dd14941950a8): рг забыл
[15:18:26] alzxmpic (80f2f1c6-448d-3378-af4b-dd14941950a8): спс ща еще мб
[15:18:43] alzxmpic (80f2f1c6-448d-3378-af4b-dd14941950a8): ластовый
[15:23:38] lexa123_432 (8829266c-5756-3aea-a385-517575620c28): а на какой лететь
[15:23:45] alzxmpic (80f2f1c6-448d-3378-af4b-dd14941950a8): я тебя тепну
[15:24:26] alzxmpic (80f2f1c6-448d-3378-af4b-dd14941950a8): сиди тут пока
[15:24:33] alzxmpic (80f2f1c6-448d-3378-af4b-dd14941950a8): вперед побежишь
[15:25:55] alzxmpic (80f2f1c6-448d-3378-af4b-dd14941950a8): убей меня крч
[15:27:10] alzxmpic (80f2f1c6-448d-3378-af4b-dd14941950a8): пж верни сферу пдпжжппжжпжжпж умоляюю
[15:27:12] alzxmpic (80f2f1c6-448d-3378-af4b-dd14941950a8): пж верни сферу пдпжжппжжпжжпж умоляюю
[15:27:12] alzxmpic (80f2f1c6-448d-3378-af4b-dd14941950a8): пж верни сферу пдпжжппжжпжжпж умоляюю
[15:27:12] alzxmpic (80f2f1c6-448d-3378-af4b-dd14941950a8): пж верни сферу пдпжжппжжпжжпж умоляюю
[15:27:26] alzxmpic (80f2f1c6-448d-3378-af4b-dd14941950a8): нет напиши
[15:27:27] alzxmpic (80f2f1c6-448d-3378-af4b-dd14941950a8): пж верни сферу пдпжжппжжпжжпж умоляюю
[15:27:30] alzxmpic (80f2f1c6-448d-3378-af4b-dd14941950a8): пж верни сферу пдпжжппжжпжжпж умоляюю
[15:27:31] alzxmpic (80f2f1c6-448d-3378-af4b-dd14941950a8): пж верни сферу пдпжжппжжпжжпж умоляюю
[15:27:31] alzxmpic (80f2f1c6-448d-3378-af4b-dd14941950a8): пж верни сферу пдпжжппжжпжжпж умоляюю
[15:27:31] alzxmpic (80f2f1c6-448d-3378-af4b-dd14941950a8): пж верни сферу пдпжжппжжпжжпж умоляююе
[15:27:32] alzxmpic (80f2f1c6-448d-3378-af4b-dd14941950a8): пж верни сферу пдпжжппжжпжжпж умоляююе
[15:27:32] lexa123_432 (8829266c-5756-3aea-a385-517575620c28): хахаах лох ты полный нибище нечего тебе не отдам
[15:27:54] alzxmpic (80f2f1c6-448d-3378-af4b-dd14941950a8): ах так
[15:27:55] lexa123_432 (8829266c-5756-3aea-a385-517575620c28): не
[15:28:28] lexa123_432 (8829266c-5756-3aea-a385-517575620c28): э
[15:29:38] lexa123_432 (8829266c-5756-3aea-a385-517575620c28): пока
[15:29:41] alzxmpic (80f2f1c6-448d-3378-af4b-dd14941950a8): пока
[15:29:44] lexa123_432 (8829266c-5756-3aea-a385-517575620c28): удачи с сервером
[15:29:47] lexa123_432 (8829266c-5756-3aea-a385-517575620c28): я квшать
[15:29:48] alzxmpic (80f2f1c6-448d-3378-af4b-dd14941950a8): ага
