[04-02-2026 06:32:33] 901kakalopa123 Flood B 1/6 [packet=CLICK_WINDOW, max-counter=20, interval=200ms, max-periods=10, max-warnings=4]
[04-02-2026 06:41:12] 901kakalopa123 Flood B 1/6 [packet=CLICK_WINDOW, max-counter=20, interval=200ms, max-periods=10, max-warnings=4]
[04-02-2026 06:42:16] kfigjhij Place C 1/5 [distanceX=6.3691006318806425, distanceY=1.0325379230742513, distanceZ=-5.538987275615263, distance=72]
[04-02-2026 06:42:17] kfigjhij Place C 2/5 [distanceX=5.3691006318806425, distanceY=-0.9674620769257487, distanceZ=-9.538987275615263, distance=120]
[04-02-2026 06:42:17] kfigjhij Place C 3/5 [distanceX=5.3691006318806425, distanceY=-1.9674620769257487, distanceZ=-15.538987275615263, distance=274]
[04-02-2026 06:42:18] kfigjhij Place C 4/5 [distanceX=5.3691006318806425, distanceY=-1.9674620769257487, distanceZ=-17.538987275615263, distance=340]
[04-02-2026 06:42:18] kfigjhij Place C 5/5 [distanceX=5.3691006318806425, distanceY=-1.9674620769257487, distanceZ=-20.538987275615263, distance=454]
[04-02-2026 08:58:59] LOrdPIXeL Flood B 1/6 [packet=CLICK_WINDOW, max-counter=20, interval=200ms, max-periods=10, max-warnings=4]
[04-02-2026 08:59:00] LOrdPIXeL Flood B 2/6 [packet=CLICK_WINDOW, max-counter=20, interval=200ms, max-periods=10, max-warnings=4]
[04-02-2026 08:59:02] LOrdPIXeL Flood B 3/6 [packet=CLICK_WINDOW, max-counter=20, interval=200ms, max-periods=10, max-warnings=4]
[04-02-2026 09:10:21] twink_yanethego2 Flood B 1/6 [packet=CLICK_WINDOW, max-counter=20, interval=200ms, max-periods=10, max-warnings=4]
[04-02-2026 09:10:21] twink_yanethego2 Flood B 2/6 [packet=ANIMATION, max-counter=50, interval=500ms, max-periods=5, max-warnings=2]
[04-02-2026 09:10:28] twink_yanethego2 Flood B 1/6 [packet=CLICK_WINDOW, max-counter=20, interval=200ms, max-periods=10, max-warnings=4]
[04-02-2026 09:11:02] twink_yanethego2 Flood B 2/6 [packet=CLICK_WINDOW, max-counter=20, interval=200ms, max-periods=10, max-warnings=4]
[04-02-2026 10:04:04] vaibovuyyyyy Flood B 1/6 [packet=TAB_COMPLETE, max-counter=40, interval=1000ms, max-periods=2, max-warnings=1]
[04-02-2026 10:04:10] vaibovuyyyyy Flood B 2/6 [packet=TAB_COMPLETE, max-counter=40, interval=1000ms, max-periods=2, max-warnings=1]
[04-02-2026 10:04:16] vaibovuyyyyy Flood B 3/6 [packet=TAB_COMPLETE, max-counter=40, interval=1000ms, max-periods=2, max-warnings=1]
[04-02-2026 10:06:07] vaibovuyyyyy Flood B 1/6 [packet=TAB_COMPLETE, max-counter=40, interval=1000ms, max-periods=2, max-warnings=1]
[04-02-2026 10:16:30] vaibovuyyyyy Flood B 1/6 [packet=TAB_COMPLETE, max-counter=40, interval=1000ms, max-periods=2, max-warnings=1]
[04-02-2026 10:16:33] vaibovuyyyyy Flood B 2/6 [packet=TAB_COMPLETE, max-counter=40, interval=1000ms, max-periods=2, max-warnings=1]
[04-02-2026 10:16:34] vaibovuyyyyy Flood B 3/6 [packet=TAB_COMPLETE, max-counter=40, interval=1000ms, max-periods=2, max-warnings=1]
[04-02-2026 10:40:56] kazahiloxi Flood B 1/6 [packet=CLICK_WINDOW, max-counter=20, interval=200ms, max-periods=10, max-warnings=4]
[04-02-2026 12:09:39] XzNoToxa Window B 1/5 [action-number=0, action=QUICK_MOVE, button=0, slot=60, converted-slot=55, size=46, inventory=CRAFTING, top-inventory=CRAFTING, bottom-inventory=PLAYER]
[04-02-2026 12:20:39] month Flood B 1/6 [packet=CLICK_WINDOW, max-counter=20, interval=200ms, max-periods=10, max-warnings=4]
[04-02-2026 12:20:40] month Flood B 2/6 [packet=CLICK_WINDOW, max-counter=20, interval=200ms, max-periods=10, max-warnings=4]
[04-02-2026 12:20:41] month Flood B 3/6 [packet=CLICK_WINDOW, max-counter=20, interval=200ms, max-periods=10, max-warnings=4]
[04-02-2026 12:20:42] month Flood B 4/6 [packet=CLICK_WINDOW, max-counter=20, interval=200ms, max-periods=10, max-warnings=4]
[04-02-2026 12:36:33] Neur0NET_4el Place C 1/5 [distanceX=1.0, distanceY=-1.0, distanceZ=43.0, distance=1851]
[04-02-2026 12:36:35] Neur0NET_4el Place C 2/5 [distanceX=2.0, distanceY=-1.0, distanceZ=38.0, distance=1449]
[04-02-2026 12:36:35] Neur0NET_4el Place C 3/5 [distanceX=2.0, distanceY=0.0, distanceZ=35.0, distance=1229]
[04-02-2026 12:43:14] Neur0NET_4el Place C 1/5 [distanceX=17.4526393234843, distanceY=-17.85375209746345, distanceZ=-79.54849801395974, distance=6951]
[04-02-2026 12:43:14] Neur0NET_4el Place C 2/5 [distanceX=17.4526393234843, distanceY=-17.85375209746345, distanceZ=-79.54849801395974, distance=6951]
[04-02-2026 12:43:18] Neur0NET_4el Place C 3/5 [distanceX=17.4526393234843, distanceY=-17.85375209746345, distanceZ=-79.54849801395974, distance=6951]
[04-02-2026 12:43:32] Neur0NET_4el Place C 4/5 [distanceX=17.4526393234843, distanceY=-17.85375209746345, distanceZ=-77.54849801395974, distance=6637]
[04-02-2026 12:44:44] Neur0NET_4el Place C 1/5 [distanceX=29.0, distanceY=-4.0, distanceZ=-45.0, distance=2882]
[04-02-2026 12:44:44] Neur0NET_4el Place C 2/5 [distanceX=29.0, distanceY=-4.0, distanceZ=-45.0, distance=2882]
[04-02-2026 12:44:44] Neur0NET_4el Place C 3/5 [distanceX=31.0, distanceY=-4.0, distanceZ=-47.0, distance=3186]
[04-02-2026 12:44:48] Neur0NET_4el Place C 4/5 [distanceX=36.0, distanceY=-2.0, distanceZ=-64.0, distance=5396]
[04-02-2026 12:44:52] Neur0NET_4el Place C 5/5 [distanceX=36.423039924013295, distanceY=0.1728011648955885, distanceZ=-45.25786800997798, distance=3374]
[04-02-2026 12:51:21] Neur0NET_4el Place C 1/5 [distanceX=-14.130576089570923, distanceY=-2.5660729670862565, distanceZ=11.419114884113043, distance=336]
[04-02-2026 12:51:30] Neur0NET_4el Place C 2/5 [distanceX=-14.130576089570923, distanceY=-1.5660729670862565, distanceZ=11.419114884113043, distance=332]
[04-02-2026 12:53:51] month Place C 1/5 [distanceX=19.302657060840502, distanceY=6.0, distanceZ=-29.83867674472458, distance=1298]
[04-02-2026 15:06:11] xstepANSOFT Place C 1/5 [distanceX=-1.0021744836249442, distanceY=50.024424088213685, distanceZ=28.543143745452294, distance=3318]
[04-02-2026 15:06:14] xstepANSOFT Place C 2/5 [distanceX=-1.3137764920642327, distanceY=50.17675927506424, distanceZ=29.02637500231359, distance=3361]
[04-02-2026 15:06:17] xstepANSOFT Place C 3/5 [distanceX=-1.34007921139906, distanceY=49.7967356006687, distanceZ=28.56945471168974, distance=3297]
[04-02-2026 15:06:20] xstepANSOFT Place C 4/5 [distanceX=-1.1122986381746278, distanceY=50.024424088213685, distanceZ=29.013116532630956, distance=3345]
[04-02-2026 15:08:43] eaae Flood B 1/6 [packet=TAB_COMPLETE, max-counter=40, interval=1000ms, max-periods=2, max-warnings=1]
[04-02-2026 15:21:45] gghaeha4ka Flood B 1/6 [packet=CLICK_WINDOW, max-counter=20, interval=200ms, max-periods=10, max-warnings=4]
[04-02-2026 15:22:30] gghaeha4ka Flood B 2/6 [packet=CLICK_WINDOW, max-counter=20, interval=200ms, max-periods=10, max-warnings=4]
[04-02-2026 15:22:41] NUJYqohS Place C 1/5 [distanceX=1.0801219925600662, distanceY=9.930796231303674, distanceZ=-0.5511905992898392, distance=100]
[04-02-2026 15:23:33] ht1pocrisam Place C 1/5 [distanceX=-21.250376766317544, distanceY=-5.361494140128578, distanceZ=70.69222646181254, distance=5477]
[04-02-2026 15:25:04] ht1pocrisam Place C 2/5 [distanceX=-7.605919347572126, distanceY=2.0, distanceZ=-6.499212065046493, distance=104]
[04-02-2026 15:55:16] gghaeha4ka Flood B 1/6 [packet=TAB_COMPLETE, max-counter=40, interval=1000ms, max-periods=2, max-warnings=1]
[04-02-2026 15:55:38] gghaeha4ka Flood B 1/6 [packet=TAB_COMPLETE, max-counter=40, interval=1000ms, max-periods=2, max-warnings=1]
[04-02-2026 15:55:41] gghaeha4ka Flood B 2/6 [packet=TAB_COMPLETE, max-counter=40, interval=1000ms, max-periods=2, max-warnings=1]
[04-02-2026 15:55:42] gghaeha4ka Flood B 3/6 [packet=TAB_COMPLETE, max-counter=40, interval=1000ms, max-periods=2, max-warnings=1]
[04-02-2026 15:55:57] gghaeha4ka Flood B 4/6 [packet=TAB_COMPLETE, max-counter=40, interval=1000ms, max-periods=2, max-warnings=1]
[04-02-2026 15:56:33] gghaeha4ka Flood B 5/6 [packet=TAB_COMPLETE, max-counter=40, interval=1000ms, max-periods=2, max-warnings=1]
[04-02-2026 16:08:14] hcuyguf Place C 1/5 [distanceX=-0.9180390079101668, distanceY=10.0, distanceZ=0.12484976039644857, distance=100]
[04-02-2026 16:08:14] hcuyguf Place C 2/5 [distanceX=-0.9180390079101668, distanceY=12.0, distanceZ=0.12484976039644857, distance=144]
[04-02-2026 16:17:13] xstepANSOFT Place C 1/5 [distanceX=4.116159223136907, distanceY=50.7967356006687, distanceZ=31.938754855456594, distance=3617]
[04-02-2026 16:17:17] xstepANSOFT Place C 2/5 [distanceX=4.78714050175983, distanceY=51.024424088213685, distanceZ=31.692394152380295, distance=3630]
[04-02-2026 16:17:20] xstepANSOFT Place C 3/5 [distanceX=4.879100888856429, distanceY=50.024424088213685, distanceZ=33.60140117142461, distance=3655]
[04-02-2026 16:27:06] tgkgi5930dkl Flood B 1/6 [packet=ANIMATION, max-counter=50, interval=500ms, max-periods=5, max-warnings=2]
[04-02-2026 16:27:06] tgkgi5930dkl Flood B 2/6 [packet=CLICK_WINDOW, max-counter=20, interval=200ms, max-periods=10, max-warnings=4]
[04-02-2026 16:27:07] tgkgi5930dkl Flood B 3/6 [packet=ANIMATION, max-counter=50, interval=500ms, max-periods=5, max-warnings=2]
[04-02-2026 16:27:07] tgkgi5930dkl Flood B 4/6 [packet=CLICK_WINDOW, max-counter=20, interval=200ms, max-periods=10, max-warnings=4]
[04-02-2026 16:27:08] tgkgi5930dkl Flood B 5/6 [packet=CLICK_WINDOW, max-counter=20, interval=200ms, max-periods=10, max-warnings=4]
[04-02-2026 16:27:08] tgkgi5930dkl Flood B 6/6 [packet=ANIMATION, max-counter=50, interval=500ms, max-periods=5, max-warnings=2]
[04-02-2026 16:36:51] zvsdacfev Flood B 1/6 [packet=TAB_COMPLETE, max-counter=40, interval=1000ms, max-periods=2, max-warnings=1]
[04-02-2026 17:15:29] gereg_thx Place C 1/5 [distanceX=27.854815006734068, distanceY=40.315070241410524, distanceZ=-106.49433330991761, distance=13742]
[04-02-2026 17:15:36] gereg_thx Place C 2/5 [distanceX=29.916206886563277, distanceY=40.315070241410524, distanceZ=-101.79199994825852, distance=12881]
[04-02-2026 18:10:19] Bruso4SV Place C 1/5 [distanceX=5.819203602006041, distanceY=44.65767136311594, distanceZ=2.800000011920929, distance=2036]
[04-02-2026 19:20:09] dsadadafeew211 Flood B 1/6 [packet=CLICK_WINDOW, max-counter=20, interval=200ms, max-periods=10, max-warnings=4]
[04-02-2026 19:20:18] dsadadafeew211 Flood B 2/6 [packet=CLICK_WINDOW, max-counter=20, interval=200ms, max-periods=10, max-warnings=4]
[04-02-2026 19:56:16] gdBGCkoe Flood B 1/6 [packet=CLICK_WINDOW, max-counter=20, interval=200ms, max-periods=10, max-warnings=4]
[04-02-2026 19:56:17] gdBGCkoe Flood B 2/6 [packet=CLICK_WINDOW, max-counter=20, interval=200ms, max-periods=10, max-warnings=4]
[04-02-2026 19:56:35] gdBGCkoe Flood B 3/6 [packet=CLICK_WINDOW, max-counter=20, interval=200ms, max-periods=10, max-warnings=4]
[04-02-2026 19:56:35] gdBGCkoe Flood B 4/6 [packet=ANIMATION, max-counter=50, interval=500ms, max-periods=5, max-warnings=2]
[04-02-2026 19:56:36] gdBGCkoe Flood B 5/6 [packet=CLICK_WINDOW, max-counter=20, interval=200ms, max-periods=10, max-warnings=4]
[04-02-2026 20:14:18] gdBGCkoe Flood B 2/6 [packet=CLICK_WINDOW, max-counter=20, interval=200ms, max-periods=10, max-warnings=4]
[04-02-2026 20:14:18] gdBGCkoe Flood B 2/6 [packet=ANIMATION, max-counter=50, interval=500ms, max-periods=5, max-warnings=2]
[04-02-2026 20:30:23] dsadadafeew211 Flood B 1/6 [packet=CLICK_WINDOW, max-counter=20, interval=200ms, max-periods=10, max-warnings=4]
[04-02-2026 20:30:23] dsadadafeew211 Flood B 2/6 [packet=ANIMATION, max-counter=50, interval=500ms, max-periods=5, max-warnings=2]
[04-02-2026 20:30:27] dsadadafeew211 Flood B 3/6 [packet=CLICK_WINDOW, max-counter=20, interval=200ms, max-periods=10, max-warnings=4]
